<?xml version="1.0" encoding="UTF-8"?><testsuites failures="0" name="dependency-check" tests="43"><testsuite failures="0" errors="0" time="0" id="0" name="/home/loltaun/.m2/repository/org/apache/ant/ant/1.10.15/ant-1.10.15.jar" package="ant-1.10.15.jar" skipped="0" tests="1" timestamp="2026-01-12T00:20:56.366361304"><testcase classname="dependency-check" name="ant-1.10.15.jar"/></testsuite><testsuite failures="0" errors="0" time="0" id="1" name="/home/loltaun/.m2/repository/org/ow2/asm/asm/9.9/asm-9.9.jar" package="asm-9.9.jar" skipped="0" tests="1" timestamp="2026-01-12T00:20:56.366361304"><testcase classname="dependency-check" name="asm-9.9.jar"/></testsuite><testsuite failures="0" errors="0" time="0" id="2" name="/home/loltaun/.m2/repository/org/ow2/asm/asm-analysis/9.9/asm-analysis-9.9.jar" package="asm-analysis-9.9.jar" skipped="0" tests="1" timestamp="2026-01-12T00:20:56.366361304"><testcase classname="dependency-check" name="asm-analysis-9.9.jar"/></testsuite><testsuite failures="0" errors="0" time="0" id="3" name="/home/loltaun/.m2/repository/org/ow2/asm/asm-tree/9.9/asm-tree-9.9.jar" package="asm-tree-9.9.jar" skipped="0" tests="1" timestamp="2026-01-12T00:20:56.366361304"><testcase classname="dependency-check" name="asm-tree-9.9.jar"/></testsuite><testsuite failures="0" errors="0" time="0" id="4" name="/home/loltaun/.m2/repository/org/ow2/asm/asm-util/9.9/asm-util-9.9.jar" package="asm-util-9.9.jar" skipped="0" tests="1" timestamp="2026-01-12T00:20:56.366361304"><testcase classname="dependency-check" name="asm-util-9.9.jar"/></testsuite><testsuite failures="0" errors="0" time="0" id="5" name="/home/loltaun/.m2/repository/org/apache/groovy/groovy/5.0.3/groovy-5.0.3.jar" package="groovy-5.0.3.jar" skipped="0" tests="1" timestamp="2026-01-12T00:20:56.366361304"><testcase classname="dependency-check" name="groovy-5.0.3.jar"/></testsuite><testsuite failures="0" errors="0" time="0" id="6" name="/home/loltaun/.m2/repository/org/apache/groovy/groovy-ant/5.0.3/groovy-ant-5.0.3.jar" package="groovy-ant-5.0.3.jar" skipped="0" tests="1" timestamp="2026-01-12T00:20:56.366361304"><testcase classname="dependency-check" name="groovy-ant-5.0.3.jar"/></testsuite><testsuite failures="0" errors="0" time="0" id="7" name="/home/loltaun/.m2/repository/org/apache/groovy/groovy-sql/5.0.3/groovy-sql-5.0.3.jar" package="groovy-sql-5.0.3.jar" skipped="0" tests="1" timestamp="2026-01-12T00:20:56.366361304"><testcase classname="dependency-check" name="groovy-sql-5.0.3.jar"/></testsuite><testsuite failures="0" errors="0" time="0" id="8" name="/home/loltaun/.m2/repository/org/hamcrest/hamcrest-core/1.3/hamcrest-core-1.3.jar" package="hamcrest-core-1.3.jar" skipped="0" tests="1" timestamp="2026-01-12T00:20:56.366361304"><testcase classname="dependency-check" name="hamcrest-core-1.3.jar"/></testsuite><testsuite failures="0" errors="0" time="0" id="9" name="/home/loltaun/.m2/repository/org/apache/httpcomponents/client5/httpclient5/5.6/httpclient5-5.6.jar" package="httpclient5-5.6.jar" skipped="0" tests="1" timestamp="2026-01-12T00:20:56.366361304"><testcase classname="dependency-check" name="httpclient5-5.6.jar"/></testsuite><testsuite failures="0" errors="0" time="0" id="10" name="/home/loltaun/.m2/repository/org/apache/httpcomponents/core5/httpcore5/5.4/httpcore5-5.4.jar" package="httpcore5-5.4.jar" skipped="0" tests="1" timestamp="2026-01-12T00:20:56.366361304"><testcase classname="dependency-check" name="httpcore5-5.4.jar"/></testsuite><testsuite failures="0" errors="0" time="0" id="11" name="/home/loltaun/.m2/repository/org/apache/httpcomponents/core5/httpcore5-h2/5.4/httpcore5-h2-5.4.jar" package="httpcore5-h2-5.4.jar" skipped="0" tests="1" timestamp="2026-01-12T00:20:56.366361304"><testcase classname="dependency-check" name="httpcore5-h2-5.4.jar"/></testsuite><testsuite failures="0" errors="0" time="0" id="12" name="/home/loltaun/.m2/repository/org/apache/ivy/ivy/2.5.3/ivy-2.5.3.jar" package="ivy-2.5.3.jar" skipped="0" tests="1" timestamp="2026-01-12T00:20:56.366361304"><testcase classname="dependency-check" name="ivy-2.5.3.jar"/></testsuite><testsuite failures="0" errors="0" time="0" id="13" name="/home/loltaun/.m2/repository/com/fasterxml/jackson/core/jackson-annotations/2.20/jackson-annotations-2.20.jar" package="jackson-annotations-2.20.jar" skipped="0" tests="1" timestamp="2026-01-12T00:20:56.366361304"><testcase classname="dependency-check" name="jackson-annotations-2.20.jar"/></testsuite><testsuite failures="0" errors="0" time="0" id="14" name="/home/loltaun/.m2/repository/com/fasterxml/jackson/core/jackson-core/2.20.1/jackson-core-2.20.1.jar" package="jackson-core-2.20.1.jar" skipped="0" tests="1" timestamp="2026-01-12T00:20:56.366361304"><testcase classname="dependency-check" name="jackson-core-2.20.1.jar"/></testsuite><testsuite failures="0" errors="0" time="0" id="15" name="/home/loltaun/.m2/repository/com/fasterxml/jackson/core/jackson-databind/2.20.1/jackson-databind-2.20.1.jar" package="jackson-databind-2.20.1.jar" skipped="0" tests="1" timestamp="2026-01-12T00:20:56.366361304"><testcase classname="dependency-check" name="jackson-databind-2.20.1.jar"/></testsuite><testsuite failures="0" errors="0" time="0" id="16" name="/home/loltaun/.m2/repository/com/fasterxml/jackson/dataformat/jackson-dataformat-yaml/2.20.1/jackson-dataformat-yaml-2.20.1.jar" package="jackson-dataformat-yaml-2.20.1.jar" skipped="0" tests="1" timestamp="2026-01-12T00:20:56.366361304"><testcase classname="dependency-check" name="jackson-dataformat-yaml-2.20.1.jar"/></testsuite><testsuite failures="0" errors="0" time="0" id="17" name="/home/loltaun/.m2/repository/com/fasterxml/jackson/jaxrs/jackson-jaxrs-base/2.20.1/jackson-jaxrs-base-2.20.1.jar" package="jackson-jaxrs-base-2.20.1.jar" skipped="0" tests="1" timestamp="2026-01-12T00:20:56.366361304"><testcase classname="dependency-check" name="jackson-jaxrs-base-2.20.1.jar"/></testsuite><testsuite failures="0" errors="0" time="0" id="18" name="/home/loltaun/.m2/repository/com/fasterxml/jackson/jaxrs/jackson-jaxrs-json-provider/2.20.1/jackson-jaxrs-json-provider-2.20.1.jar" package="jackson-jaxrs-json-provider-2.20.1.jar" skipped="0" tests="1" timestamp="2026-01-12T00:20:56.366361304"><testcase classname="dependency-check" name="jackson-jaxrs-json-provider-2.20.1.jar"/></testsuite><testsuite failures="0" errors="0" time="0" id="19" name="/home/loltaun/.m2/repository/com/fasterxml/jackson/module/jackson-module-jaxb-annotations/2.20.1/jackson-module-jaxb-annotations-2.20.1.jar" package="jackson-module-jaxb-annotations-2.20.1.jar" skipped="0" tests="1" timestamp="2026-01-12T00:20:56.366361304"><testcase classname="dependency-check" name="jackson-module-jaxb-annotations-2.20.1.jar"/></testsuite><testsuite failures="0" errors="0" time="0" id="20" name="/home/loltaun/.m2/repository/jakarta/activation/jakarta.activation-api/1.2.2/jakarta.activation-api-1.2.2.jar" package="jakarta.activation-api-1.2.2.jar" skipped="0" tests="1" timestamp="2026-01-12T00:20:56.366361304"><testcase classname="dependency-check" name="jakarta.activation-api-1.2.2.jar"/></testsuite><testsuite failures="0" errors="0" time="0" id="21" name="/home/loltaun/.m2/repository/org/jline/jansi/3.30.6/jansi-3.30.6.jar/META-INF/maven/org.jline/jansi-core/pom.xml" package="jansi-3.30.6.jar (shaded: org.jline:jansi-core:3.30.6)" skipped="0" tests="1" timestamp="2026-01-12T00:20:56.366361304"><testcase classname="dependency-check" name="jansi-3.30.6.jar (shaded: org.jline:jansi-core:3.30.6)"/></testsuite><testsuite failures="0" errors="0" time="0" id="22" name="/home/loltaun/.m2/repository/org/jline/jansi/3.30.6/jansi-3.30.6.jar" package="jansi-3.30.6.jar" skipped="0" tests="1" timestamp="2026-01-12T00:20:56.366361304"><testcase classname="dependency-check" name="jansi-3.30.6.jar"/></testsuite><testsuite failures="0" errors="0" time="0" id="23" name="/home/loltaun/.m2/repository/org/jline/jansi/3.30.6/jansi-3.30.6.jar/org/jline/nativ/Windows/arm64/jlinenative.dll" package="jansi-3.30.6.jar: jlinenative.dll" skipped="0" tests="1" timestamp="2026-01-12T00:20:56.366361304"><testcase classname="dependency-check" name="jansi-3.30.6.jar: jlinenative.dll"/></testsuite><testsuite failures="0" errors="0" time="0" id="24" name="/home/loltaun/.m2/repository/org/jline/jansi/3.30.6/jansi-3.30.6.jar/org/jline/nativ/Windows/x86/jlinenative.dll" package="jansi-3.30.6.jar: jlinenative.dll" skipped="0" tests="1" timestamp="2026-01-12T00:20:56.366361304"><testcase classname="dependency-check" name="jansi-3.30.6.jar: jlinenative.dll"/></testsuite><testsuite failures="0" errors="0" time="0" id="25" name="/home/loltaun/.m2/repository/org/jline/jansi/3.30.6/jansi-3.30.6.jar/org/jline/nativ/Windows/x86_64/jlinenative.dll" package="jansi-3.30.6.jar: jlinenative.dll" skipped="0" tests="1" timestamp="2026-01-12T00:20:56.366361304"><testcase classname="dependency-check" name="jansi-3.30.6.jar: jlinenative.dll"/></testsuite><testsuite failures="0" errors="0" time="0" id="26" name="/home/loltaun/.m2/repository/com/github/javaparser/javaparser-core/3.27.1/javaparser-core-3.27.1.jar" package="javaparser-core-3.27.1.jar" skipped="0" tests="1" timestamp="2026-01-12T00:20:56.366361304"><testcase classname="dependency-check" name="javaparser-core-3.27.1.jar"/></testsuite><testsuite failures="0" errors="0" time="0" id="27" name="/home/loltaun/.m2/repository/javax/xml/bind/jaxb-api/2.2.12/jaxb-api-2.2.12.jar" package="jaxb-api-2.2.12.jar" skipped="0" tests="1" timestamp="2026-01-12T00:20:56.366361304"><testcase classname="dependency-check" name="jaxb-api-2.2.12.jar"/></testsuite><testsuite failures="0" errors="0" time="0" id="28" name="/home/loltaun/.m2/repository/org/jline/jline-style/3.30.6/jline-style-3.30.6.jar" package="jline-style-3.30.6.jar" skipped="0" tests="1" timestamp="2026-01-12T00:20:56.366361304"><testcase classname="dependency-check" name="jline-style-3.30.6.jar"/></testsuite><testsuite failures="0" errors="0" time="0" id="29" name="/home/loltaun/.m2/repository/net/java/dev/jna/jna/5.18.1/jna-5.18.1.jar" package="jna-5.18.1.jar" skipped="0" tests="1" timestamp="2026-01-12T00:20:56.366361304"><testcase classname="dependency-check" name="jna-5.18.1.jar"/></testsuite><testsuite failures="0" errors="0" time="0" id="30" name="/home/loltaun/.m2/repository/net/java/dev/jna/jna/5.18.1/jna-5.18.1.jar/com/sun/jna/win32-aarch64/jnidispatch.dll" package="jna-5.18.1.jar: jnidispatch.dll" skipped="0" tests="1" timestamp="2026-01-12T00:20:56.366361304"><testcase classname="dependency-check" name="jna-5.18.1.jar: jnidispatch.dll"/></testsuite><testsuite failures="0" errors="0" time="0" id="31" name="/home/loltaun/.m2/repository/net/java/dev/jna/jna/5.18.1/jna-5.18.1.jar/com/sun/jna/win32-x86-64/jnidispatch.dll" package="jna-5.18.1.jar: jnidispatch.dll" skipped="0" tests="1" timestamp="2026-01-12T00:20:56.366361304"><testcase classname="dependency-check" name="jna-5.18.1.jar: jnidispatch.dll"/></testsuite><testsuite failures="0" errors="0" time="0" id="32" name="/home/loltaun/.m2/repository/net/java/dev/jna/jna/5.18.1/jna-5.18.1.jar/com/sun/jna/win32-x86/jnidispatch.dll" package="jna-5.18.1.jar: jnidispatch.dll" skipped="0" tests="1" timestamp="2026-01-12T00:20:56.366361304"><testcase classname="dependency-check" name="jna-5.18.1.jar: jnidispatch.dll"/></testsuite><testsuite failures="0" errors="0" time="0" id="33" name="/home/loltaun/.m2/repository/junit/junit/4.13.2/junit-4.13.2.jar" package="junit-4.13.2.jar" skipped="0" tests="1" timestamp="2026-01-12T00:20:56.366361304"><testcase classname="dependency-check" name="junit-4.13.2.jar"/></testsuite><testsuite failures="0" errors="0" time="0" id="34" name="/home/loltaun/.m2/repository/org/junit/jupiter/junit-jupiter-api/5.14.1/junit-jupiter-api-5.14.1.jar" package="junit-jupiter-api-5.14.1.jar" skipped="0" tests="1" timestamp="2026-01-12T00:20:56.366361304"><testcase classname="dependency-check" name="junit-jupiter-api-5.14.1.jar"/></testsuite><testsuite failures="0" errors="0" time="0" id="35" name="/home/loltaun/.m2/repository/org/junit/jupiter/junit-jupiter-engine/5.14.1/junit-jupiter-engine-5.14.1.jar" package="junit-jupiter-engine-5.14.1.jar" skipped="0" tests="1" timestamp="2026-01-12T00:20:56.366361304"><testcase classname="dependency-check" name="junit-jupiter-engine-5.14.1.jar"/></testsuite><testsuite failures="0" errors="0" time="0" id="36" name="/home/loltaun/.m2/repository/org/junit/platform/junit-platform-engine/1.14.1/junit-platform-engine-1.14.1.jar" package="junit-platform-engine-1.14.1.jar" skipped="0" tests="1" timestamp="2026-01-12T00:20:56.366361304"><testcase classname="dependency-check" name="junit-platform-engine-1.14.1.jar"/></testsuite><testsuite failures="0" errors="0" time="0" id="37" name="/home/loltaun/.m2/repository/org/opentest4j/opentest4j/1.3.0/opentest4j-1.3.0.jar" package="opentest4j-1.3.0.jar" skipped="0" tests="1" timestamp="2026-01-12T00:20:56.366361304"><testcase classname="dependency-check" name="opentest4j-1.3.0.jar"/></testsuite><testsuite failures="0" errors="0" time="0" id="38" name="/home/loltaun/.m2/repository/org/abego/treelayout/org.abego.treelayout.core/1.0.3/org.abego.treelayout.core-1.0.3.jar" package="org.abego.treelayout.core-1.0.3.jar" skipped="0" tests="1" timestamp="2026-01-12T00:20:56.366361304"><testcase classname="dependency-check" name="org.abego.treelayout.core-1.0.3.jar"/></testsuite><testsuite failures="0" errors="0" time="0" id="39" name="/home/loltaun/.m2/repository/info/picocli/picocli/4.7.7/picocli-4.7.7.jar" package="picocli-4.7.7.jar" skipped="0" tests="1" timestamp="2026-01-12T00:20:56.366361304"><testcase classname="dependency-check" name="picocli-4.7.7.jar"/></testsuite><testsuite failures="0" errors="0" time="0" id="40" name="/home/loltaun/.m2/repository/com/thoughtworks/qdox/qdox/2.2.0/qdox-2.2.0.jar" package="qdox-2.2.0.jar" skipped="0" tests="1" timestamp="2026-01-12T00:20:56.366361304"><testcase classname="dependency-check" name="qdox-2.2.0.jar"/></testsuite><testsuite failures="0" errors="0" time="0" id="41" name="/home/loltaun/.m2/repository/org/slf4j/slf4j-api/1.7.36/slf4j-api-1.7.36.jar" package="slf4j-api-1.7.36.jar" skipped="0" tests="1" timestamp="2026-01-12T00:20:56.366361304"><testcase classname="dependency-check" name="slf4j-api-1.7.36.jar"/></testsuite><testsuite failures="0" errors="0" time="0" id="42" name="/home/loltaun/.m2/repository/org/yaml/snakeyaml/2.4/snakeyaml-2.4.jar" package="snakeyaml-2.4.jar" skipped="0" tests="1" timestamp="2026-01-12T00:20:56.366361304"><testcase classname="dependency-check" name="snakeyaml-2.4.jar"/></testsuite></testsuites>